# JRE version: OpenJDK Runtime Environment (11.0.12+7) (build 11.0.12+7-b1504.28-7817840)
# Java VM: OpenJDK 64-Bit Server VM (11.0.12+7-b1504.28-7817840, mixed mode, tiered, compressed oops, g1 gc, windows-amd64)
Heap:
 garbage-first heap   total 225280K, used 177962K [0x0000000080000000, 0x0000000100000000)
  region size 1024K, 67 young (68608K), 8 survivors (8192K)
 Metaspace       used 120362K, capacity 123952K, committed 125056K, reserved 1157120K
  class space    used 15532K, capacity 16891K, committed 17280K, reserved 1048576K
GC Heap History (20 events):
Event: 9.876 GC heap before
{Heap before GC invocations=17 (full 0):
 garbage-first heap   total 155648K, used 126130K [0x0000000080000000, 0x0000000100000000)
  region size 1024K, 64 young (65536K), 7 survivors (7168K)
 Metaspace       used 84668K, capacity 86437K, committed 86656K, reserved 1124352K
  class space    used 10969K, capacity 11646K, committed 11648K, reserved 1048576K
}
Event: 9.887 GC heap after
{Heap after GC invocations=18 (full 0):
 garbage-first heap   total 187392K, used 73287K [0x0000000080000000, 0x0000000100000000)
  region size 1024K, 8 young (8192K), 8 survivors (8192K)
 Metaspace       used 84668K, capacity 86437K, committed 86656K, reserved 1124352K
  class space    used 10969K, capacity 11646K, committed 11648K, reserved 1048576K
}
Event: 10.559 GC heap before
{Heap before GC invocations=18 (full 0):
 garbage-first heap   total 187392K, used 142919K [0x0000000080000000, 0x0000000100000000)
  region size 1024K, 77 young (78848K), 8 survivors (8192K)
 Metaspace       used 88616K, capacity 91006K, committed 91136K, reserved 1128448K
  class space    used 11578K, capacity 12510K, committed 12544K, reserved 1048576K
}
Event: 10.571 GC heap after
{Heap after GC invocations=19 (full 0):
 garbage-first heap   total 187392K, used 78999K [0x0000000080000000, 0x0000000100000000)
  region size 1024K, 10 young (10240K), 10 survivors (10240K)
 Metaspace       used 88616K, capacity 91006K, committed 91136K, reserved 1128448K
  class space    used 11578K, capacity 12510K, committed 12544K, reserved 1048576K
}
Event: 11.029 GC heap before
{Heap before GC invocations=19 (full 0):
 garbage-first heap   total 187392K, used 146583K [0x0000000080000000, 0x0000000100000000)
  region size 1024K, 77 young (78848K), 10 survivors (10240K)
 Metaspace       used 89551K, capacity 91950K, committed 92288K, reserved 1128448K
  class space    used 11645K, capacity 12578K, committed 12672K, reserved 1048576K
}
Event: 11.045 GC heap after
{Heap after GC invocations=20 (full 0):
 garbage-first heap   total 187392K, used 85061K [0x0000000080000000, 0x0000000100000000)
  region size 1024K, 6 young (6144K), 6 survivors (6144K)
 Metaspace       used 89551K, capacity 91950K, committed 92288K, reserved 1128448K
  class space    used 11645K, capacity 12578K, committed 12672K, reserved 1048576K
}
Event: 11.473 GC heap before
{Heap before GC invocations=20 (full 0):
 garbage-first heap   total 187392K, used 149573K [0x0000000080000000, 0x0000000100000000)
  region size 1024K, 70 young (71680K), 6 survivors (6144K)
 Metaspace       used 92502K, capacity 94967K, committed 95232K, reserved 1132544K
  class space    used 12046K, capacity 12998K, committed 13056K, reserved 1048576K
}
Event: 11.483 GC heap after
{Heap after GC invocations=21 (full 0):
 garbage-first heap   total 187392K, used 87399K [0x0000000080000000, 0x0000000100000000)
  region size 1024K, 3 young (3072K), 3 survivors (3072K)
 Metaspace       used 92502K, capacity 94967K, committed 95232K, reserved 1132544K
  class space    used 12046K, capacity 12998K, committed 13056K, reserved 1048576K
}
Event: 12.219 GC heap before
{Heap before GC invocations=21 (full 0):
 garbage-first heap   total 187392K, used 152935K [0x0000000080000000, 0x0000000100000000)
  region size 1024K, 67 young (68608K), 3 survivors (3072K)
 Metaspace       used 96835K, capacity 99372K, committed 99584K, reserved 1134592K
  class space    used 12571K, capacity 13548K, committed 13568K, reserved 1048576K
}
Event: 12.232 GC heap after
{Heap after GC invocations=22 (full 0):
 garbage-first heap   total 225280K, used 90707K [0x0000000080000000, 0x0000000100000000)
  region size 1024K, 6 young (6144K), 6 survivors (6144K)
 Metaspace       used 96835K, capacity 99372K, committed 99584K, reserved 1134592K
  class space    used 12571K, capacity 13548K, committed 13568K, reserved 1048576K
}
Event: 20.151 GC heap before
{Heap before GC invocations=23 (full 0):
 garbage-first heap   total 225280K, used 169555K [0x0000000080000000, 0x0000000100000000)
  region size 1024K, 84 young (86016K), 6 survivors (6144K)
 Metaspace       used 98825K, capacity 101208K, committed 102016K, reserved 1136640K
  class space    used 12760K, capacity 13664K, committed 13952K, reserved 1048576K
}
Event: 20.165 GC heap after
{Heap after GC invocations=24 (full 0):
 garbage-first heap   total 225280K, used 95074K [0x0000000080000000, 0x0000000100000000)
  region size 1024K, 9 young (9216K), 9 survivors (9216K)
 Metaspace       used 98825K, capacity 101208K, committed 102016K, reserved 1136640K
  class space    used 12760K, capacity 13664K, committed 13952K, reserved 1048576K
}
Event: 20.765 GC heap before
{Heap before GC invocations=24 (full 0):
 garbage-first heap   total 225280K, used 172898K [0x0000000080000000, 0x0000000100000000)
  region size 1024K, 86 young (88064K), 9 survivors (9216K)
 Metaspace       used 107513K, capacity 110667K, committed 110848K, reserved 1144832K
  class space    used 14122K, capacity 15349K, committed 15360K, reserved 1048576K
}
Event: 20.778 GC heap after
{Heap after GC invocations=25 (full 0):
 garbage-first heap   total 225280K, used 101876K [0x0000000080000000, 0x0000000100000000)
  region size 1024K, 11 young (11264K), 11 survivors (11264K)
 Metaspace       used 107513K, capacity 110667K, committed 110848K, reserved 1144832K
  class space    used 14122K, capacity 15349K, committed 15360K, reserved 1048576K
}
Event: 21.798 GC heap before
{Heap before GC invocations=25 (full 0):
 garbage-first heap   total 225280K, used 196084K [0x0000000080000000, 0x0000000100000000)
  region size 1024K, 87 young (89088K), 11 survivors (11264K)
 Metaspace       used 116275K, capacity 120087K, committed 120192K, reserved 1153024K
  class space    used 15495K, capacity 16992K, committed 17024K, reserved 1048576K
}
Event: 21.814 GC heap after
{Heap after GC invocations=26 (full 0):
 garbage-first heap   total 225280K, used 105590K [0x0000000080000000, 0x0000000100000000)
  region size 1024K, 5 young (5120K), 5 survivors (5120K)
 Metaspace       used 116275K, capacity 120087K, committed 120192K, reserved 1153024K
  class space    used 15495K, capacity 16992K, committed 17024K, reserved 1048576K
}
Event: 43.663 GC heap before
{Heap before GC invocations=26 (full 0):
 garbage-first heap   total 225280K, used 180342K [0x0000000080000000, 0x0000000100000000)
  region size 1024K, 79 young (80896K), 5 survivors (5120K)
 Metaspace       used 119962K, capacity 123751K, committed 124032K, reserved 1157120K
  class space    used 15708K, capacity 17193K, committed 17280K, reserved 1048576K
}
Event: 43.720 GC heap after
{Heap after GC invocations=27 (full 0):
 garbage-first heap   total 225280K, used 111996K [0x0000000080000000, 0x0000000100000000)
  region size 1024K, 10 young (10240K), 10 survivors (10240K)
 Metaspace       used 119962K, capacity 123751K, committed 124032K, reserved 1157120K
  class space    used 15708K, capacity 17193K, committed 17280K, reserved 1048576K
}
Event: 126.740 GC heap before
{Heap before GC invocations=27 (full 0):
 garbage-first heap   total 225280K, used 182652K [0x0000000080000000, 0x0000000100000000)
  region size 1024K, 80 young (81920K), 10 survivors (10240K)
 Metaspace       used 120554K, capacity 124440K, committed 124544K, reserved 1157120K
  class space    used 15731K, capacity 17232K, committed 17280K, reserved 1048576K
}
Event: 126.859 GC heap after
{Heap after GC invocations=28 (full 0):
 garbage-first heap   total 225280K, used 119594K [0x0000000080000000, 0x0000000100000000)
  region size 1024K, 8 young (8192K), 8 survivors (8192K)
 Metaspace       used 120554K, capacity 124440K, committed 124544K, reserved 1157120K
  class space    used 15731K, capacity 17232K, committed 17280K, reserved 1048576K
}

